<?xml version="1.0" encoding="UTF-8"?>
<testsuite name="com.jungmin.Part2_Test" tests="20" skipped="0" failures="0" errors="0" timestamp="2024-05-16T03:51:19" hostname="Be-my-ocean-Mac-pro.local" time="9.05">
  <properties/>
  <testcase name="Q 2-11. 어느 board에도 속하지 않는 post의 모든 데이터를 찾기위한 SQL을 작성해주세요." classname="com.jungmin.Part2_Test" time="0.943"/>
  <testcase name="Q 2-12. users 테이블의 user_id가 1인 유저가 작성한 post의 title을 찾기위한 SQL을 작성해주세요." classname="com.jungmin.Part2_Test" time="0.59"/>
  <testcase name="Q 2-13. users 테이블의 user_id가 1인 유저가 작성한 post의 board name을 찾기위한 SQL을 작성해주세요." classname="com.jungmin.Part2_Test" time="0.52"/>
  <testcase name="Q 2-14. board의 name이 'General Discussion'인 post의 title, content, created_at을 찾기위한 SQL을 작성해주세요." classname="com.jungmin.Part2_Test" time="0.519"/>
  <testcase name="Q 2-15. luckykim이 작성한 comment의 개수 (컬럼명: CommentCount)를 출력하기 위한 SQL을 작성해주세요." classname="com.jungmin.Part2_Test" time="0.488"/>
  <testcase name="Q 2-01. users 테이블에 존재하는 모든 컬럼을 포함한 모든 데이터를 확인하기 위한 SQL을 작성해주세요." classname="com.jungmin.Part2_Test" time="0.492"/>
  <testcase name="Q 2-02. users 테이블에 존재하는 모든 데이터에서 username 컬럼만을 확인하기 위한 SQL을 작성해주세요." classname="com.jungmin.Part2_Test" time="0.42"/>
  <testcase name="Q 2-03. users 테이블에 데이터를 추가하기 위한 SQL을 작성해주세요." classname="com.jungmin.Part2_Test" time="0.37"/>
  <testcase name="Q 2-04. users 테이블에서 특정 조건을 가진 데이터를 찾기위한 SQL을 작성해주세요.(username = 'luckykim'" classname="com.jungmin.Part2_Test" time="0.445"/>
  <testcase name="Q 2-05. users 테이블에서 특정 조건을 가진 데이터를 찾기위한 SQL을 작성해주세요. &#10; username이 'luckykim이 아니여야 합니다." classname="com.jungmin.Part2_Test" time="0.382"/>
  <testcase name="Q 2-06. posts 테이블에 존재하는 모든 데이터에서 title 컬럼만을 찾기 위한 SQL을 작성해주세요." classname="com.jungmin.Part2_Test" time="0.392"/>
  <testcase name="Q 2-07. posts의 title과 그 게시글을 작성한 user의 username을 찾기 위한 SQL을 작성해주세요. - 저자가 없더라도, 게시글의 title을 모두 찾아야합니다." classname="com.jungmin.Part2_Test" time="0.374"/>
  <testcase name="Q 2-08. posts의 title과 그 게시글을 작성한 user의 username을 찾기 위한 SQL을 작성해주세요. - 저자가 있는 게시글의 title만 찾아야합니다." classname="com.jungmin.Part2_Test" time="0.395"/>
  <testcase name="Q 2-09. posts 테이블의 데이터를 수정하기 위한 SQL을 작성해주세요. - title이 'New Tech Trends'인 posts 데이터에서 content를 'Updated content'로 수정해야합니다." classname="com.jungmin.Part2_Test" time="0.359"/>
  <testcase name="Q 2-16. 각 user(컬럼명: username)가 작성한 comment의 개수 (컬럼명: CommentCount)를 출력하기 위한 SQL을 작성해주세요. &#10; 0개의 comment를 작성한 유저도 모두 출력해야 합니다." classname="com.jungmin.Part2_Test" time="0.355"/>
  <testcase name="Q 2-17. 각 board의 name과 해당 board에 속한 post의 개수 (컬럼명: PostCount)를 출력하기 위한 SQL을 작성해주세요." classname="com.jungmin.Part2_Test" time="0.398"/>
  <testcase name="Q 2-18. 각 board의 name과 해당 board에 속한 posts 테이블의 content의 평균 길이 (컬럼명: AvgLength)를 출력하기 위한 SQL을 작성해주세요." classname="com.jungmin.Part2_Test" time="0.363"/>
  <testcase name="Q 2-19. 각 board의 name과 해당 board에 속한 posts 테이블의 content의 평균 길이 (컬럼명: AvgLength)를 출력하기 위한 SQL을 작성해주세요.&#10; 단, content가 null인 경우를 제외해야 합니다." classname="com.jungmin.Part2_Test" time="0.438"/>
  <testcase name="Q 2-20. 각 tag의 name과 해당 tag가 달린 post의 개수 (컬럼명: PostCount)를 출력하기 위한 SQL을 작성해주세요. &#10; 단, post에 할당되지 않은 tag의 이름도 모두 출력해야 합니다." classname="com.jungmin.Part2_Test" time="0.423"/>
  <testcase name="Q 2-10. posts 테이블의 데이터를 추가하기 위한 SQL을 작성해주세요. - luckykim이 작성한 게시글을 추가해주세요. 제목과 본문은 자유입니다. (참고: luckykim의 아이디는 1입니다.)" classname="com.jungmin.Part2_Test" time="0.378"/>
  <system-out><![CDATA[[{CommentCount=3}]
[{username=luckykim}]
]]></system-out>
  <system-err><![CDATA[]]></system-err>
</testsuite>
